<?xml version="1.0" encoding="UTF-8"?>
<testng-results ignored="0" total="2" passed="2" failed="0" skipped="0">
  <reporter-output>
  </reporter-output>
  <suite started-at="2023-12-30T11:15:23 IST" name="Default suite" finished-at="2023-12-30T11:16:10 IST" duration-ms="46708">
    <groups>
    </groups>
    <test started-at="2023-12-30T11:15:23 IST" name="Default test" finished-at="2023-12-30T11:16:10 IST" duration-ms="46708">
      <class name="com.TestNG.As1_LoginScreen">
        <test-method signature="LauchBrowser()[pri:0, instance:com.TestNG.As1_LoginScreen@1f97cf0d]" started-at="2023-12-30T11:15:23 IST" name="LauchBrowser" finished-at="2023-12-30T11:15:31 IST" duration-ms="7458" status="PASS">
          <reporter-output>
          </reporter-output>
        </test-method> <!-- LauchBrowser -->
        <test-method signature="ValidateLogin()[pri:1, instance:com.TestNG.As1_LoginScreen@1f97cf0d]" started-at="2023-12-30T11:15:31 IST" name="ValidateLogin" finished-at="2023-12-30T11:16:10 IST" duration-ms="39212" status="PASS">
          <reporter-output>
          </reporter-output>
        </test-method> <!-- ValidateLogin -->
      </class> <!-- com.TestNG.As1_LoginScreen -->
    </test> <!-- Default test -->
  </suite> <!-- Default suite -->
</testng-results>
